UGTS_KC_K_Kij_T_Grove_3_9_2_COMPLETE_ALL_FILES/tmp/chrono_smoke_android_20260830/app/build/outputs/logs/manifest-merger-pocoX7Pro-debug-report.txt
-- Merging decision tree log ---
manifest
ADDED from src\main\AndroidManifest.xml:2:1-31:12
INJECTED from src\main\AndroidManifest.xml:2:1-31:12
INJECTED from src\main\AndroidManifest.xml:2:1-31:12
INJECTED from src\main\AndroidManifest.xml:2:1-31:12
	package
		INJECTED from src\main\AndroidManifest.xml
	android:versionName
		INJECTED from src\main\AndroidManifest.xml
	android:versionCode
		INJECTED from src\main\AndroidManifest.xml
	xmlns:android
		ADDED from src\main\AndroidManifest.xml:2:11-69
uses-feature#0x00030000
ADDED from src\main\AndroidManifest.xml:3:5-78
	android:glEsVersion
		ADDED from src\main\AndroidManifest.xml:3:19-51
	android:required
		ADDED from src\main\AndroidManifest.xml:3:52-75
uses-feature#android.hardware.touchscreen
ADDED from src\main\AndroidManifest.xml:4:5-90
	android:required
		ADDED from src\main\AndroidManifest.xml:4:63-87
	android:name
		ADDED from src\main\AndroidManifest.xml:4:19-62
uses-feature#android.hardware.gamepad
ADDED from src\main\AndroidManifest.xml:5:5-86
	android:required
		ADDED from src\main\AndroidManifest.xml:5:59-83
	android:name
		ADDED from src\main\AndroidManifest.xml:5:19-58
uses-feature#android.hardware.vulkan.level
ADDED from src\main\AndroidManifest.xml:6:5-91
	android:required
		ADDED from src\main\AndroidManifest.xml:6:64-88
	android:name
		ADDED from src\main\AndroidManifest.xml:6:19-63
uses-feature#android.hardware.vulkan.version
ADDED from src\main\AndroidManifest.xml:7:5-93
	android:required
		ADDED from src\main\AndroidManifest.xml:7:66-90
	android:name
		ADDED from src\main\AndroidManifest.xml:7:19-65
application
ADDED from src\main\AndroidManifest.xml:9:5-30:19
INJECTED from src\main\AndroidManifest.xml:9:5-30:19
	android:extractNativeLibs
		INJECTED from src\main\AndroidManifest.xml
	android:label
		ADDED from src\main\AndroidManifest.xml:13:9-41
	android:hasCode
		ADDED from src\main\AndroidManifest.xml:12:9-32
	android:fullBackupContent
		ADDED from src\main\AndroidManifest.xml:11:9-42
	android:allowBackup
		ADDED from src\main\AndroidManifest.xml:10:9-35
	android:theme
		ADDED from src\main\AndroidManifest.xml:14:9-40
activity#android.app.NativeActivity
ADDED from src\main\AndroidManifest.xml:15:9-29:20
	android:screenOrientation
		ADDED from src\main\AndroidManifest.xml:21:13-56
	android:launchMode
		ADDED from src\main\AndroidManifest.xml:19:13-44
	android:exported
		ADDED from src\main\AndroidManifest.xml:18:13-36
	android:resizeableActivity
		ADDED from src\main\AndroidManifest.xml:20:13-46
	android:configChanges
		ADDED from src\main\AndroidManifest.xml:17:13-121
	android:name
		ADDED from src\main\AndroidManifest.xml:16:13-54
meta-data#android.app.lib_name
ADDED from src\main\AndroidManifest.xml:22:13-24:50
	android:value
		ADDED from src\main\AndroidManifest.xml:24:17-47
	android:name
		ADDED from src\main\AndroidManifest.xml:23:17-52
intent-filter#action:name:android.intent.action.MAIN+category:name:android.intent.category.LAUNCHER
ADDED from src\main\AndroidManifest.xml:25:13-28:29
action#android.intent.action.MAIN
ADDED from src\main\AndroidManifest.xml:26:17-69
	android:name
		ADDED from src\main\AndroidManifest.xml:26:25-66
category#android.intent.category.LAUNCHER
ADDED from src\main\AndroidManifest.xml:27:17-77
	android:name
		ADDED from src\main\AndroidManifest.xml:27:27-74
uses-sdk
INJECTED from src\main\AndroidManifest.xml reason: use-sdk injection requested
INJECTED from src\main\AndroidManifest.xml
INJECTED from src\main\AndroidManifest.xml
	android:targetSdkVersion
		INJECTED from src\main\AndroidManifest.xml
	android:minSdkVersion
		INJECTED from src\main\AndroidManifest.xml